Watching for file changes with StatReloader
[24/Nov/2025 18:57:58] "OPTIONS /api/auth/login/ HTTP/1.1" 200 0
C:\experticie1\prexcol\backend\settings.py changed, reloading.
Performing system checks...

System check identified no issues (0 silenced).
November 24, 2025 - 18:57:30
Django version 5.2.8, using settings 'settings'
Starting development server at http://127.0.0.1:8000/
Quit the server with CTRL-BREAK.

WARNING: This is a development server. Do not use it in a production setting. Use a production WSGI or ASGI server instead.
For more information on production servers see: https://docs.djangoproject.com/en/5.2/howto/deployment/
Watching for file changes with StatReloader
C:\experticie1\prexcol\backend\settings.py changed, reloading.
Performing system checks...

System check identified no issues (0 silenced).
November 24, 2025 - 19:05:37
Django version 5.2.8, using settings 'settings'
Starting development server at http://127.0.0.1:8000/
Quit the server with CTRL-BREAK.

WARNING: This is a development server. Do not use it in a production setting. Use a production WSGI or ASGI server instead.
For more information on production servers see: https://docs.djangoproject.com/en/5.2/howto/deployment/
Watching for file changes with StatReloader
Unauthorized: /api/auth/login/
[24/Nov/2025 19:10:20] "POST /api/auth/login/ HTTP/1.1" 401 35
[24/Nov/2025 19:11:42] "OPTIONS /api/auth/login/ HTTP/1.1" 200 0
[24/Nov/2025 19:13:57] "POST /api/auth/login/ HTTP/1.1" 200 753
[24/Nov/2025 19:13:58] "OPTIONS /api/auth/login/ HTTP/1.1" 200 0
[24/Nov/2025 19:17:44] "OPTIONS /api/auth/login/ HTTP/1.1" 200 0
[24/Nov/2025 19:18:09] "OPTIONS /api/auth/login/ HTTP/1.1" 200 0
[24/Nov/2025 19:18:10] "OPTIONS /api/auth/login/ HTTP/1.1" 200 0
[24/Nov/2025 19:18:31] "OPTIONS /api/auth/login/ HTTP/1.1" 200 0
[24/Nov/2025 19:18:51] "OPTIONS /api/auth/login/ HTTP/1.1" 200 0
Not Found: /
[24/Nov/2025 19:19:44] "GET / HTTP/1.1" 404 2890
Not Found: /assets/js/main.js
Not Found: /assets/js/index.js
[24/Nov/2025 19:19:44] "GET /assets/js/main.js HTTP/1.1" 404 2959
[24/Nov/2025 19:19:44] "GET /assets/js/index.js HTTP/1.1" 404 2962
[24/Nov/2025 19:19:46] "GET /admin/ HTTP/1.1" 302 0
[24/Nov/2025 19:19:47] "GET /admin/login/?next=/admin/ HTTP/1.1" 200 4170
[24/Nov/2025 19:19:47] "GET /static/admin/css/dark_mode.css HTTP/1.1" 200 2808
[24/Nov/2025 19:19:47] "GET /static/admin/css/base.css HTTP/1.1" 200 22120
[24/Nov/2025 19:19:47] "GET /static/admin/css/nav_sidebar.css HTTP/1.1" 200 2810
[24/Nov/2025 19:19:47] "GET /static/admin/js/theme.js HTTP/1.1" 200 1653
[24/Nov/2025 19:19:47] "GET /static/admin/css/login.css HTTP/1.1" 200 951
[24/Nov/2025 19:19:47] "GET /static/admin/css/responsive.css HTTP/1.1" 200 16565
[24/Nov/2025 19:19:47] "GET /static/admin/js/nav_sidebar.js HTTP/1.1" 200 3063
Not Found: /assets/js/main.js
Not Found: /assets/js/index.js
[24/Nov/2025 19:19:47] "GET /assets/js/index.js HTTP/1.1" 404 2962
[24/Nov/2025 19:19:47] "GET /assets/js/main.js HTTP/1.1" 404 2959
[24/Nov/2025 19:19:49] "POST /admin/login/?next=/admin/ HTTP/1.1" 302 0
[24/Nov/2025 19:19:49] "GET /admin/ HTTP/1.1" 200 16187
[24/Nov/2025 19:19:49] "GET /static/admin/css/dashboard.css HTTP/1.1" 200 441
[24/Nov/2025 19:19:49] "GET /static/admin/img/icon-addlink.svg HTTP/1.1" 200 331
[24/Nov/2025 19:19:49] "GET /static/admin/img/icon-changelink.svg HTTP/1.1" 200 380
Not Found: /assets/js/main.js
[24/Nov/2025 19:19:49] "GET /assets/js/main.js HTTP/1.1" 404 2959
Not Found: /assets/js/index.js
[24/Nov/2025 19:19:49] "GET /assets/js/index.js HTTP/1.1" 404 2962
[24/Nov/2025 19:19:53] "GET /admin/auth/group/add/ HTTP/1.1" 200 23369
[24/Nov/2025 19:19:53] "GET /static/admin/css/forms.css HTTP/1.1" 200 8525
[24/Nov/2025 19:19:53] "GET /static/admin/js/jquery.init.js HTTP/1.1" 200 347
[24/Nov/2025 19:19:53] "GET /static/admin/js/admin/RelatedObjectLookups.js HTTP/1.1" 200 9777
[24/Nov/2025 19:19:53] "GET /static/admin/js/core.js HTTP/1.1" 200 6208
[24/Nov/2025 19:19:53] "GET /admin/jsi18n/ HTTP/1.1" 200 3342
[24/Nov/2025 19:19:53] "GET /static/admin/js/SelectBox.js HTTP/1.1" 200 4530
[24/Nov/2025 19:19:53] "GET /static/admin/css/widgets.css HTTP/1.1" 200 11973
[24/Nov/2025 19:19:53] "GET /static/admin/js/SelectFilter2.js HTTP/1.1" 200 15845
[24/Nov/2025 19:19:53] "GET /static/admin/js/actions.js HTTP/1.1" 200 8076
[24/Nov/2025 19:19:53] "GET /static/admin/js/prepopulate.js HTTP/1.1" 200 1531
[24/Nov/2025 19:19:53] "GET /static/admin/js/urlify.js HTTP/1.1" 200 7887
[24/Nov/2025 19:19:53] "GET /static/admin/js/vendor/jquery/jquery.js HTTP/1.1" 200 285314
[24/Nov/2025 19:19:53] "GET /static/admin/js/prepopulate_init.js HTTP/1.1" 200 586
[24/Nov/2025 19:19:53] "GET /static/admin/js/change_form.js HTTP/1.1" 200 606
[24/Nov/2025 19:19:53] "GET /static/admin/js/vendor/xregexp/xregexp.js HTTP/1.1" 200 325171
Not Found: /assets/js/main.js
Not Found: /assets/js/index.js
[24/Nov/2025 19:19:53] "GET /assets/js/main.js HTTP/1.1" 404 2959
[24/Nov/2025 19:19:53] "GET /assets/js/index.js HTTP/1.1" 404 2962
[24/Nov/2025 19:19:53] "GET /static/admin/img/search.svg HTTP/1.1" 200 458
[24/Nov/2025 19:19:53] "GET /static/admin/img/selector-icons.svg HTTP/1.1" 200 3291
[24/Nov/2025 19:19:59] "GET /admin/pagos/pago/add/ HTTP/1.1" 200 28485
[24/Nov/2025 19:19:59] "GET /admin/jsi18n/ HTTP/1.1" 200 3342
[24/Nov/2025 19:19:59] "GET /static/admin/img/icon-deletelink.svg HTTP/1.1" 200 392
[24/Nov/2025 19:19:59] "GET /static/admin/js/inlines.js HTTP/1.1" 200 15628
[24/Nov/2025 19:19:59] "GET /static/admin/img/icon-viewlink.svg HTTP/1.1" 200 581
Not Found: /assets/js/index.js
Not Found: /assets/js/main.js
[24/Nov/2025 19:19:59] "GET /assets/js/index.js HTTP/1.1" 404 2962
[24/Nov/2025 19:19:59] "GET /assets/js/main.js HTTP/1.1" 404 2959
[24/Nov/2025 19:20:15] "POST /admin/pagos/pago/add/ HTTP/1.1" 302 0
[24/Nov/2025 19:20:15] "GET /admin/pagos/pago/ HTTP/1.1" 200 19741
[24/Nov/2025 19:20:15] "GET /admin/jsi18n/ HTTP/1.1" 200 3342
[24/Nov/2025 19:20:15] "GET /static/admin/css/changelists.css HTTP/1.1" 200 6878
[24/Nov/2025 19:20:15] "GET /static/admin/js/filters.js HTTP/1.1" 200 978
[24/Nov/2025 19:20:15] "GET /static/admin/img/tooltag-add.svg HTTP/1.1" 200 331
[24/Nov/2025 19:20:15] "GET /static/admin/img/icon-yes.svg HTTP/1.1" 200 436
Not Found: /assets/js/main.js
Not Found: /assets/js/index.js
[24/Nov/2025 19:20:15] "GET /assets/js/main.js HTTP/1.1" 404 2959
[24/Nov/2025 19:20:15] "GET /assets/js/index.js HTTP/1.1" 404 2962
[24/Nov/2025 19:21:22] "GET /admin/auth/group/add/ HTTP/1.1" 200 23369
[24/Nov/2025 19:21:22] "GET /admin/jsi18n/ HTTP/1.1" 200 3342
Not Found: /assets/js/main.js
Not Found: /assets/js/index.js
[24/Nov/2025 19:21:22] "GET /assets/js/index.js HTTP/1.1" 404 2962
[24/Nov/2025 19:21:22] "GET /assets/js/main.js HTTP/1.1" 404 2959
[24/Nov/2025 19:21:27] "OPTIONS /api/auth/login/ HTTP/1.1" 200 0
[24/Nov/2025 19:21:30] "GET /admin/auth/group/add/ HTTP/1.1" 200 23369
[24/Nov/2025 19:21:30] "GET /admin/jsi18n/ HTTP/1.1" 200 3342
Not Found: /assets/js/index.js
Not Found: /assets/js/main.js
[24/Nov/2025 19:21:30] "GET /assets/js/main.js HTTP/1.1" 404 2959
[24/Nov/2025 19:21:30] "GET /assets/js/index.js HTTP/1.1" 404 2962
[24/Nov/2025 19:21:49] "GET /admin/pagos/estadopago/add/ HTTP/1.1" 200 16636
[24/Nov/2025 19:21:49] "GET /admin/jsi18n/ HTTP/1.1" 200 3342
Not Found: /assets/js/main.js
[24/Nov/2025 19:21:49] "GET /assets/js/main.js HTTP/1.1" 404 2959
Not Found: /assets/js/index.js
[24/Nov/2025 19:21:49] "GET /assets/js/index.js HTTP/1.1" 404 2962
[24/Nov/2025 19:21:50] "GET /admin/pagos/metodopago/add/ HTTP/1.1" 200 16508
[24/Nov/2025 19:21:50] "GET /admin/jsi18n/ HTTP/1.1" 200 3342
Not Found: /assets/js/index.js
Not Found: /assets/js/main.js
[24/Nov/2025 19:21:50] "GET /assets/js/index.js HTTP/1.1" 404 2962
[24/Nov/2025 19:21:50] "GET /assets/js/main.js HTTP/1.1" 404 2959
[24/Nov/2025 19:21:51] "GET /admin/pagos/pago/add/ HTTP/1.1" 200 28540
[24/Nov/2025 19:21:51] "GET /admin/jsi18n/ HTTP/1.1" 200 3342
Not Found: /assets/js/main.js
Not Found: /assets/js/index.js
[24/Nov/2025 19:21:51] "GET /assets/js/main.js HTTP/1.1" 404 2959
[24/Nov/2025 19:21:51] "GET /assets/js/index.js HTTP/1.1" 404 2962
[24/Nov/2025 19:22:13] "OPTIONS /api/auth/login/ HTTP/1.1" 200 0
[24/Nov/2025 19:22:13] "OPTIONS /api/auth/login/ HTTP/1.1" 200 0
[24/Nov/2025 19:22:13] "OPTIONS /api/auth/login/ HTTP/1.1" 200 0
[24/Nov/2025 19:22:18] "POST /api/auth/login/ HTTP/1.1" 200 756
[24/Nov/2025 19:22:59] "OPTIONS /api/auth/login/ HTTP/1.1" 200 0
[24/Nov/2025 19:23:40] "OPTIONS /api/auth/login/ HTTP/1.1" 200 0
[24/Nov/2025 19:26:34] "OPTIONS /api/auth/login/ HTTP/1.1" 200 0
[24/Nov/2025 19:26:35] "OPTIONS /api/auth/login/ HTTP/1.1" 200 0
[24/Nov/2025 19:26:36] "OPTIONS /api/auth/login/ HTTP/1.1" 200 0
[24/Nov/2025 19:26:36] "OPTIONS /api/auth/login/ HTTP/1.1" 200 0
[24/Nov/2025 19:26:36] "OPTIONS /api/auth/login/ HTTP/1.1" 200 0
[24/Nov/2025 19:26:36] "OPTIONS /api/auth/login/ HTTP/1.1" 200 0
[24/Nov/2025 19:26:36] "OPTIONS /api/auth/login/ HTTP/1.1" 200 0
[24/Nov/2025 19:26:37] "OPTIONS /api/auth/login/ HTTP/1.1" 200 0
[24/Nov/2025 19:26:56] "GET /admin/ HTTP/1.1" 200 16588
Not Found: /assets/js/main.js
[24/Nov/2025 19:26:56] "GET /assets/js/main.js HTTP/1.1" 404 2959
Not Found: /assets/js/index.js
[24/Nov/2025 19:26:56] "GET /assets/js/index.js HTTP/1.1" 404 2962
[24/Nov/2025 19:27:01] "GET /admin/usuarios/usuario/ HTTP/1.1" 200 24471
[24/Nov/2025 19:27:01] "GET /admin/jsi18n/ HTTP/1.1" 200 3342
[24/Nov/2025 19:27:01] "GET /static/admin/img/icon-no.svg HTTP/1.1" 200 560
[24/Nov/2025 19:27:01] "GET /static/admin/img/sorting-icons.svg HTTP/1.1" 200 1097
Not Found: /assets/js/main.js
Not Found: /assets/js/index.js
[24/Nov/2025 19:27:01] "GET /assets/js/main.js HTTP/1.1" 404 2959
[24/Nov/2025 19:27:01] "GET /assets/js/index.js HTTP/1.1" 404 2962
Internal Server Error: /admin/usuarios/usuario/25/change/
Traceback (most recent call last):
  File "C:\Users\Aprendiz\AppData\Roaming\Python\Python313\site-packages\django\contrib\admin\options.py", line 840, in get_form
    return modelform_factory(self.model, **defaults)
  File "C:\Users\Aprendiz\AppData\Roaming\Python\Python313\site-packages\django\forms\models.py", line 654, in modelform_factory
    return type(form)(class_name, (form,), form_class_attrs)
           ~~~~~~~~~~^^^^^^^^^^^^^^^^^^^^^^^^^^^^^^^^^^^^^^^
  File "C:\Users\Aprendiz\AppData\Roaming\Python\Python313\site-packages\django\forms\models.py", line 312, in __new__
    fields = fields_for_model(
        opts.model,
    ...<11 lines>...
        form_declared_fields=new_class.declared_fields,
    )
  File "C:\Users\Aprendiz\AppData\Roaming\Python\Python313\site-packages\django\forms\models.py", line 207, in fields_for_model
    raise FieldError(
    ...<2 lines>...
    )
django.core.exceptions.FieldError: 'fecha_creacion' cannot be specified for Usuario model form as it is a non-editable field

During handling of the above exception, another exception occurred:

Traceback (most recent call last):
  File "C:\Users\Aprendiz\AppData\Roaming\Python\Python313\site-packages\django\core\handlers\exception.py", line 55, in inner
    response = get_response(request)
  File "C:\Users\Aprendiz\AppData\Roaming\Python\Python313\site-packages\django\core\handlers\base.py", line 197, in _get_response
    response = wrapped_callback(request, *callback_args, **callback_kwargs)
  File "C:\Users\Aprendiz\AppData\Roaming\Python\Python313\site-packages\django\contrib\admin\options.py", line 719, in wrapper
    return self.admin_site.admin_view(view)(*args, **kwargs)
           ~~~~~~~~~~~~~~~~~~~~~~~~~~~~~~~~^^^^^^^^^^^^^^^^^
  File "C:\Users\Aprendiz\AppData\Roaming\Python\Python313\site-packages\django\utils\decorators.py", line 192, in _view_wrapper
    result = _process_exception(request, e)
  File "C:\Users\Aprendiz\AppData\Roaming\Python\Python313\site-packages\django\utils\decorators.py", line 190, in _view_wrapper
    response = view_func(request, *args, **kwargs)
  File "C:\Users\Aprendiz\AppData\Roaming\Python\Python313\site-packages\django\views\decorators\cache.py", line 80, in _view_wrapper
    response = view_func(request, *args, **kwargs)
  File "C:\Users\Aprendiz\AppData\Roaming\Python\Python313\site-packages\django\contrib\admin\sites.py", line 246, in inner
    return view(request, *args, **kwargs)
  File "C:\Users\Aprendiz\AppData\Roaming\Python\Python313\site-packages\django\contrib\admin\options.py", line 1987, in change_view
    return self.changeform_view(request, object_id, form_url, extra_context)
           ~~~~~~~~~~~~~~~~~~~~^^^^^^^^^^^^^^^^^^^^^^^^^^^^^^^^^^^^^^^^^^^^^
  File "C:\Users\Aprendiz\AppData\Roaming\Python\Python313\site-packages\django\utils\decorators.py", line 48, in _wrapper
    return bound_method(*args, **kwargs)
  File "C:\Users\Aprendiz\AppData\Roaming\Python\Python313\site-packages\django\utils\decorators.py", line 192, in _view_wrapper
    result = _process_exception(request, e)
  File "C:\Users\Aprendiz\AppData\Roaming\Python\Python313\site-packages\django\utils\decorators.py", line 190, in _view_wrapper
    response = view_func(request, *args, **kwargs)
  File "C:\Users\Aprendiz\AppData\Roaming\Python\Python313\site-packages\django\contrib\admin\options.py", line 1840, in changeform_view
    return self._changeform_view(request, object_id, form_url, extra_context)
           ~~~~~~~~~~~~~~~~~~~~~^^^^^^^^^^^^^^^^^^^^^^^^^^^^^^^^^^^^^^^^^^^^^
  File "C:\Users\Aprendiz\AppData\Roaming\Python\Python313\site-packages\django\contrib\admin\options.py", line 1878, in _changeform_view
    ModelForm = self.get_form(
        request, obj, change=not add, fields=flatten_fieldsets(fieldsets)
    )
  File "C:\Users\Aprendiz\AppData\Roaming\Python\Python313\site-packages\django\contrib\auth\admin.py", line 98, in get_form
    return super().get_form(request, obj, **defaults)
           ~~~~~~~~~~~~~~~~^^^^^^^^^^^^^^^^^^^^^^^^^^
  File "C:\Users\Aprendiz\AppData\Roaming\Python\Python313\site-packages\django\contrib\admin\options.py", line 842, in get_form
    raise FieldError(
    ...<2 lines>...
    )
django.core.exceptions.FieldError: 'fecha_creacion' cannot be specified for Usuario model form as it is a non-editable field. Check fields/fieldsets/exclude attributes of class UsuarioAdmin.
[24/Nov/2025 19:27:04] "GET /admin/usuarios/usuario/25/change/ HTTP/1.1" 500 160725
Not Found: /assets/js/index.js
Not Found: /assets/js/main.js
[24/Nov/2025 19:27:04] "GET /assets/js/main.js HTTP/1.1" 404 2959
[24/Nov/2025 19:27:04] "GET /assets/js/index.js HTTP/1.1" 404 2962
[24/Nov/2025 19:27:09] "GET /admin/usuarios/usuario/ HTTP/1.1" 200 24471
[24/Nov/2025 19:27:41] "GET /admin/usuarios/usuario/?q=vaquero HTTP/1.1" 200 17482
[24/Nov/2025 19:27:41] "GET /admin/jsi18n/ HTTP/1.1" 200 3342
Not Found: /assets/js/main.js
Not Found: /assets/js/index.js
[24/Nov/2025 19:27:41] "GET /assets/js/index.js HTTP/1.1" 404 2962
[24/Nov/2025 19:27:41] "GET /assets/js/main.js HTTP/1.1" 404 2959
[24/Nov/2025 19:27:46] "GET /admin/usuarios/ HTTP/1.1" 200 5500
Not Found: /assets/js/main.js
Not Found: /assets/js/index.js
[24/Nov/2025 19:27:46] "GET /assets/js/main.js HTTP/1.1" 404 2959
[24/Nov/2025 19:27:46] "GET /assets/js/index.js HTTP/1.1" 404 2962
[24/Nov/2025 19:27:49] "GET /admin/usuarios/usuario/ HTTP/1.1" 200 24471
[24/Nov/2025 19:27:49] "GET /admin/jsi18n/ HTTP/1.1" 200 3342
Not Found: /assets/js/main.js
Not Found: /assets/js/index.js
[24/Nov/2025 19:27:49] "GET /assets/js/index.js HTTP/1.1" 404 2962
[24/Nov/2025 19:27:49] "GET /assets/js/main.js HTTP/1.1" 404 2959
Internal Server Error: /admin/usuarios/usuario/25/change/
Traceback (most recent call last):
  File "C:\Users\Aprendiz\AppData\Roaming\Python\Python313\site-packages\django\contrib\admin\options.py", line 840, in get_form
    return modelform_factory(self.model, **defaults)
  File "C:\Users\Aprendiz\AppData\Roaming\Python\Python313\site-packages\django\forms\models.py", line 654, in modelform_factory
    return type(form)(class_name, (form,), form_class_attrs)
           ~~~~~~~~~~^^^^^^^^^^^^^^^^^^^^^^^^^^^^^^^^^^^^^^^
  File "C:\Users\Aprendiz\AppData\Roaming\Python\Python313\site-packages\django\forms\models.py", line 312, in __new__
    fields = fields_for_model(
        opts.model,
    ...<11 lines>...
        form_declared_fields=new_class.declared_fields,
    )
  File "C:\Users\Aprendiz\AppData\Roaming\Python\Python313\site-packages\django\forms\models.py", line 207, in fields_for_model
    raise FieldError(
    ...<2 lines>...
    )
django.core.exceptions.FieldError: 'fecha_creacion' cannot be specified for Usuario model form as it is a non-editable field

During handling of the above exception, another exception occurred:

Traceback (most recent call last):
  File "C:\Users\Aprendiz\AppData\Roaming\Python\Python313\site-packages\django\core\handlers\exception.py", line 55, in inner
    response = get_response(request)
  File "C:\Users\Aprendiz\AppData\Roaming\Python\Python313\site-packages\django\core\handlers\base.py", line 197, in _get_response
    response = wrapped_callback(request, *callback_args, **callback_kwargs)
  File "C:\Users\Aprendiz\AppData\Roaming\Python\Python313\site-packages\django\contrib\admin\options.py", line 719, in wrapper
    return self.admin_site.admin_view(view)(*args, **kwargs)
           ~~~~~~~~~~~~~~~~~~~~~~~~~~~~~~~~^^^^^^^^^^^^^^^^^
  File "C:\Users\Aprendiz\AppData\Roaming\Python\Python313\site-packages\django\utils\decorators.py", line 192, in _view_wrapper
    result = _process_exception(request, e)
  File "C:\Users\Aprendiz\AppData\Roaming\Python\Python313\site-packages\django\utils\decorators.py", line 190, in _view_wrapper
    response = view_func(request, *args, **kwargs)
  File "C:\Users\Aprendiz\AppData\Roaming\Python\Python313\site-packages\django\views\decorators\cache.py", line 80, in _view_wrapper
    response = view_func(request, *args, **kwargs)
  File "C:\Users\Aprendiz\AppData\Roaming\Python\Python313\site-packages\django\contrib\admin\sites.py", line 246, in inner
    return view(request, *args, **kwargs)
  File "C:\Users\Aprendiz\AppData\Roaming\Python\Python313\site-packages\django\contrib\admin\options.py", line 1987, in change_view
    return self.changeform_view(request, object_id, form_url, extra_context)
           ~~~~~~~~~~~~~~~~~~~~^^^^^^^^^^^^^^^^^^^^^^^^^^^^^^^^^^^^^^^^^^^^^
  File "C:\Users\Aprendiz\AppData\Roaming\Python\Python313\site-packages\django\utils\decorators.py", line 48, in _wrapper
    return bound_method(*args, **kwargs)
  File "C:\Users\Aprendiz\AppData\Roaming\Python\Python313\site-packages\django\utils\decorators.py", line 192, in _view_wrapper
    result = _process_exception(request, e)
  File "C:\Users\Aprendiz\AppData\Roaming\Python\Python313\site-packages\django\utils\decorators.py", line 190, in _view_wrapper
    response = view_func(request, *args, **kwargs)
  File "C:\Users\Aprendiz\AppData\Roaming\Python\Python313\site-packages\django\contrib\admin\options.py", line 1840, in changeform_view
    return self._changeform_view(request, object_id, form_url, extra_context)
           ~~~~~~~~~~~~~~~~~~~~~^^^^^^^^^^^^^^^^^^^^^^^^^^^^^^^^^^^^^^^^^^^^^
  File "C:\Users\Aprendiz\AppData\Roaming\Python\Python313\site-packages\django\contrib\admin\options.py", line 1878, in _changeform_view
    ModelForm = self.get_form(
        request, obj, change=not add, fields=flatten_fieldsets(fieldsets)
    )
  File "C:\Users\Aprendiz\AppData\Roaming\Python\Python313\site-packages\django\contrib\auth\admin.py", line 98, in get_form
    return super().get_form(request, obj, **defaults)
           ~~~~~~~~~~~~~~~~^^^^^^^^^^^^^^^^^^^^^^^^^^
  File "C:\Users\Aprendiz\AppData\Roaming\Python\Python313\site-packages\django\contrib\admin\options.py", line 842, in get_form
    raise FieldError(
    ...<2 lines>...
    )
django.core.exceptions.FieldError: 'fecha_creacion' cannot be specified for Usuario model form as it is a non-editable field. Check fields/fieldsets/exclude attributes of class UsuarioAdmin.
[24/Nov/2025 19:27:51] "GET /admin/usuarios/usuario/25/change/ HTTP/1.1" 500 160725
Not Found: /assets/js/main.js
Not Found: /assets/js/index.js
[24/Nov/2025 19:27:51] "GET /assets/js/main.js HTTP/1.1" 404 2959
[24/Nov/2025 19:27:51] "GET /assets/js/index.js HTTP/1.1" 404 2962
C:\experticie1\prexcol\backend\usuarios\admin.py changed, reloading.
Performing system checks...

System check identified no issues (0 silenced).
November 24, 2025 - 19:05:52
Django version 5.2.8, using settings 'settings'
Starting development server at http://127.0.0.1:8000/
Quit the server with CTRL-BREAK.

WARNING: This is a development server. Do not use it in a production setting. Use a production WSGI or ASGI server instead.
For more information on production servers see: https://docs.djangoproject.com/en/5.2/howto/deployment/
Watching for file changes with StatReloader
[24/Nov/2025 19:30:45] "GET /admin/ HTTP/1.1" 200 16588
[24/Nov/2025 19:30:45] "GET /admin/ HTTP/1.1" 200 16588
Not Found: /assets/js/main.js
Not Found: /assets/js/index.js
[24/Nov/2025 19:30:45] "GET /assets/js/main.js HTTP/1.1" 404 2959
[24/Nov/2025 19:30:45] "GET /assets/js/index.js HTTP/1.1" 404 2962
Not Found: /assets/js/index.js
[24/Nov/2025 19:30:45] "GET /assets/js/index.js HTTP/1.1" 404 2962
Not Found: /assets/js/main.js
[24/Nov/2025 19:30:45] "GET /assets/js/main.js HTTP/1.1" 404 2959
Internal Server Error: /admin/usuarios/usuario/add/
Traceback (most recent call last):
  File "C:\Users\Aprendiz\AppData\Roaming\Python\Python313\site-packages\django\contrib\admin\options.py", line 840, in get_form
    return modelform_factory(self.model, **defaults)
  File "C:\Users\Aprendiz\AppData\Roaming\Python\Python313\site-packages\django\forms\models.py", line 654, in modelform_factory
    return type(form)(class_name, (form,), form_class_attrs)
           ~~~~~~~~~~^^^^^^^^^^^^^^^^^^^^^^^^^^^^^^^^^^^^^^^
  File "C:\Users\Aprendiz\AppData\Roaming\Python\Python313\site-packages\django\forms\models.py", line 334, in __new__
    raise FieldError(message)
django.core.exceptions.FieldError: Unknown field(s) (username) specified for Usuario

During handling of the above exception, another exception occurred:

Traceback (most recent call last):
  File "C:\Users\Aprendiz\AppData\Roaming\Python\Python313\site-packages\django\core\handlers\exception.py", line 55, in inner
    response = get_response(request)
  File "C:\Users\Aprendiz\AppData\Roaming\Python\Python313\site-packages\django\core\handlers\base.py", line 197, in _get_response
    response = wrapped_callback(request, *callback_args, **callback_kwargs)
  File "C:\Users\Aprendiz\AppData\Roaming\Python\Python313\site-packages\django\contrib\admin\options.py", line 719, in wrapper
    return self.admin_site.admin_view(view)(*args, **kwargs)
           ~~~~~~~~~~~~~~~~~~~~~~~~~~~~~~~~^^^^^^^^^^^^^^^^^
  File "C:\Users\Aprendiz\AppData\Roaming\Python\Python313\site-packages\django\utils\decorators.py", line 192, in _view_wrapper
    result = _process_exception(request, e)
  File "C:\Users\Aprendiz\AppData\Roaming\Python\Python313\site-packages\django\utils\decorators.py", line 190, in _view_wrapper
    response = view_func(request, *args, **kwargs)
  File "C:\Users\Aprendiz\AppData\Roaming\Python\Python313\site-packages\django\views\decorators\cache.py", line 80, in _view_wrapper
    response = view_func(request, *args, **kwargs)
  File "C:\Users\Aprendiz\AppData\Roaming\Python\Python313\site-packages\django\contrib\admin\sites.py", line 246, in inner
    return view(request, *args, **kwargs)
  File "C:\Users\Aprendiz\AppData\Roaming\Python\Python313\site-packages\django\utils\decorators.py", line 48, in _wrapper
    return bound_method(*args, **kwargs)
  File "C:\Users\Aprendiz\AppData\Roaming\Python\Python313\site-packages\django\views\decorators\debug.py", line 143, in sensitive_post_parameters_wrapper
    return view(request, *args, **kwargs)
  File "C:\Users\Aprendiz\AppData\Roaming\Python\Python313\site-packages\django\utils\decorators.py", line 48, in _wrapper
    return bound_method(*args, **kwargs)
  File "C:\Users\Aprendiz\AppData\Roaming\Python\Python313\site-packages\django\utils\decorators.py", line 192, in _view_wrapper
    result = _process_exception(request, e)
  File "C:\Users\Aprendiz\AppData\Roaming\Python\Python313\site-packages\django\utils\decorators.py", line 190, in _view_wrapper
    response = view_func(request, *args, **kwargs)
  File "C:\Users\Aprendiz\AppData\Roaming\Python\Python313\site-packages\django\contrib\auth\admin.py", line 121, in add_view
    return self._add_view(request, form_url, extra_context)
           ~~~~~~~~~~~~~~^^^^^^^^^^^^^^^^^^^^^^^^^^^^^^^^^^
  File "C:\Users\Aprendiz\AppData\Roaming\Python\Python313\site-packages\django\contrib\auth\admin.py", line 152, in _add_view
    return super().add_view(request, form_url, extra_context)
           ~~~~~~~~~~~~~~~~^^^^^^^^^^^^^^^^^^^^^^^^^^^^^^^^^^
  File "C:\Users\Aprendiz\AppData\Roaming\Python\Python313\site-packages\django\contrib\admin\options.py", line 1984, in add_view
    return self.changeform_view(request, None, form_url, extra_context)
           ~~~~~~~~~~~~~~~~~~~~^^^^^^^^^^^^^^^^^^^^^^^^^^^^^^^^^^^^^^^^
  File "C:\Users\Aprendiz\AppData\Roaming\Python\Python313\site-packages\django\utils\decorators.py", line 48, in _wrapper
    return bound_method(*args, **kwargs)
  File "C:\Users\Aprendiz\AppData\Roaming\Python\Python313\site-packages\django\utils\decorators.py", line 192, in _view_wrapper
    result = _process_exception(request, e)
  File "C:\Users\Aprendiz\AppData\Roaming\Python\Python313\site-packages\django\utils\decorators.py", line 190, in _view_wrapper
    response = view_func(request, *args, **kwargs)
  File "C:\Users\Aprendiz\AppData\Roaming\Python\Python313\site-packages\django\contrib\admin\options.py", line 1840, in changeform_view
    return self._changeform_view(request, object_id, form_url, extra_context)
           ~~~~~~~~~~~~~~~~~~~~~^^^^^^^^^^^^^^^^^^^^^^^^^^^^^^^^^^^^^^^^^^^^^
  File "C:\Users\Aprendiz\AppData\Roaming\Python\Python313\site-packages\django\contrib\admin\options.py", line 1878, in _changeform_view
    ModelForm = self.get_form(
        request, obj, change=not add, fields=flatten_fieldsets(fieldsets)
    )
  File "C:\Users\Aprendiz\AppData\Roaming\Python\Python313\site-packages\django\contrib\auth\admin.py", line 98, in get_form
    return super().get_form(request, obj, **defaults)
           ~~~~~~~~~~~~~~~~^^^^^^^^^^^^^^^^^^^^^^^^^^
  File "C:\Users\Aprendiz\AppData\Roaming\Python\Python313\site-packages\django\contrib\admin\options.py", line 842, in get_form
    raise FieldError(
    ...<2 lines>...
    )
django.core.exceptions.FieldError: Unknown field(s) (username) specified for Usuario. Check fields/fieldsets/exclude attributes of class UsuarioAdmin.
[24/Nov/2025 19:31:12] "GET /admin/usuarios/usuario/add/ HTTP/1.1" 500 187867
Not Found: /assets/js/main.js
Not Found: /assets/js/index.js
[24/Nov/2025 19:31:12] "GET /assets/js/index.js HTTP/1.1" 404 2962
[24/Nov/2025 19:31:12] "GET /assets/js/main.js HTTP/1.1" 404 2959
[24/Nov/2025 19:31:16] "GET /admin/ HTTP/1.1" 200 16588
[24/Nov/2025 19:31:17] "GET /admin/usuarios/usuario/ HTTP/1.1" 200 24471
[24/Nov/2025 19:31:17] "GET /admin/jsi18n/ HTTP/1.1" 200 3342
Not Found: /assets/js/main.js
[24/Nov/2025 19:31:17] "GET /assets/js/main.js HTTP/1.1" 404 2959
Not Found: /assets/js/index.js
[24/Nov/2025 19:31:17] "GET /assets/js/index.js HTTP/1.1" 404 2962
Internal Server Error: /admin/productos/pedido/add/
Traceback (most recent call last):
  File "C:\Users\Aprendiz\AppData\Roaming\Python\Python313\site-packages\django\db\models\options.py", line 683, in get_field
    return self.fields_map[field_name]
           ~~~~~~~~~~~~~~~^^^^^^^^^^^^
KeyError: 'subtotal_display'

During handling of the above exception, another exception occurred:

Traceback (most recent call last):
  File "C:\Users\Aprendiz\AppData\Roaming\Python\Python313\site-packages\django\contrib\admin\utils.py", line 290, in lookup_field
    f = _get_non_gfk_field(opts, name)
  File "C:\Users\Aprendiz\AppData\Roaming\Python\Python313\site-packages\django\contrib\admin\utils.py", line 330, in _get_non_gfk_field
    field = opts.get_field(name)
  File "C:\Users\Aprendiz\AppData\Roaming\Python\Python313\site-packages\django\db\models\options.py", line 685, in get_field
    raise FieldDoesNotExist(
        "%s has no field named '%s'" % (self.object_name, field_name)
    )
django.core.exceptions.FieldDoesNotExist: DetallePedido has no field named 'subtotal_display'

During handling of the above exception, another exception occurred:

Traceback (most recent call last):
  File "C:\Users\Aprendiz\AppData\Roaming\Python\Python313\site-packages\django\core\handlers\exception.py", line 55, in inner
    response = get_response(request)
  File "C:\Users\Aprendiz\AppData\Roaming\Python\Python313\site-packages\django\core\handlers\base.py", line 220, in _get_response
    response = response.render()
  File "C:\Users\Aprendiz\AppData\Roaming\Python\Python313\site-packages\django\template\response.py", line 114, in render
    self.content = self.rendered_content
                   ^^^^^^^^^^^^^^^^^^^^^
  File "C:\Users\Aprendiz\AppData\Roaming\Python\Python313\site-packages\django\template\response.py", line 92, in rendered_content
    return template.render(context, self._request)
           ~~~~~~~~~~~~~~~^^^^^^^^^^^^^^^^^^^^^^^^
  File "C:\Users\Aprendiz\AppData\Roaming\Python\Python313\site-packages\django\template\backends\django.py", line 107, in render
    return self.template.render(context)
           ~~~~~~~~~~~~~~~~~~~~^^^^^^^^^
  File "C:\Users\Aprendiz\AppData\Roaming\Python\Python313\site-packages\django\template\base.py", line 171, in render
    return self._render(context)
           ~~~~~~~~~~~~^^^^^^^^^
  File "C:\Users\Aprendiz\AppData\Roaming\Python\Python313\site-packages\django\template\base.py", line 163, in _render
    return self.nodelist.render(context)
           ~~~~~~~~~~~~~~~~~~~~^^^^^^^^^
  File "C:\Users\Aprendiz\AppData\Roaming\Python\Python313\site-packages\django\template\base.py", line 1016, in render
    return SafeString("".join([node.render_annotated(context) for node in self]))
                               ~~~~~~~~~~~~~~~~~~~~~^^^^^^^^^
  File "C:\Users\Aprendiz\AppData\Roaming\Python\Python313\site-packages\django\template\base.py", line 977, in render_annotated
    return self.render(context)
           ~~~~~~~~~~~^^^^^^^^^
  File "C:\Users\Aprendiz\AppData\Roaming\Python\Python313\site-packages\django\template\loader_tags.py", line 159, in render
    return compiled_parent._render(context)
           ~~~~~~~~~~~~~~~~~~~~~~~^^^^^^^^^
  File "C:\Users\Aprendiz\AppData\Roaming\Python\Python313\site-packages\django\template\base.py", line 163, in _render
    return self.nodelist.render(context)
           ~~~~~~~~~~~~~~~~~~~~^^^^^^^^^
  File "C:\Users\Aprendiz\AppData\Roaming\Python\Python313\site-packages\django\template\base.py", line 1016, in render
    return SafeString("".join([node.render_annotated(context) for node in self]))
                               ~~~~~~~~~~~~~~~~~~~~~^^^^^^^^^
  File "C:\Users\Aprendiz\AppData\Roaming\Python\Python313\site-packages\django\template\base.py", line 977, in render_annotated
    return self.render(context)
           ~~~~~~~~~~~^^^^^^^^^
  File "C:\Users\Aprendiz\AppData\Roaming\Python\Python313\site-packages\django\template\loader_tags.py", line 159, in render
    return compiled_parent._render(context)
           ~~~~~~~~~~~~~~~~~~~~~~~^^^^^^^^^
  File "C:\Users\Aprendiz\AppData\Roaming\Python\Python313\site-packages\django\template\base.py", line 163, in _render
    return self.nodelist.render(context)
           ~~~~~~~~~~~~~~~~~~~~^^^^^^^^^
  File "C:\Users\Aprendiz\AppData\Roaming\Python\Python313\site-packages\django\template\base.py", line 1016, in render
    return SafeString("".join([node.render_annotated(context) for node in self]))
                               ~~~~~~~~~~~~~~~~~~~~~^^^^^^^^^
  File "C:\Users\Aprendiz\AppData\Roaming\Python\Python313\site-packages\django\template\base.py", line 977, in render_annotated
    return self.render(context)
           ~~~~~~~~~~~^^^^^^^^^
  File "C:\Users\Aprendiz\AppData\Roaming\Python\Python313\site-packages\django\template\loader_tags.py", line 65, in render
    result = block.nodelist.render(context)
  File "C:\Users\Aprendiz\AppData\Roaming\Python\Python313\site-packages\django\template\base.py", line 1016, in render
    return SafeString("".join([node.render_annotated(context) for node in self]))
                               ~~~~~~~~~~~~~~~~~~~~~^^^^^^^^^
  File "C:\Users\Aprendiz\AppData\Roaming\Python\Python313\site-packages\django\template\base.py", line 977, in render_annotated
    return self.render(context)
           ~~~~~~~~~~~^^^^^^^^^
  File "C:\Users\Aprendiz\AppData\Roaming\Python\Python313\site-packages\django\template\loader_tags.py", line 65, in render
    result = block.nodelist.render(context)
  File "C:\Users\Aprendiz\AppData\Roaming\Python\Python313\site-packages\django\template\base.py", line 1016, in render
    return SafeString("".join([node.render_annotated(context) for node in self]))
                               ~~~~~~~~~~~~~~~~~~~~~^^^^^^^^^
  File "C:\Users\Aprendiz\AppData\Roaming\Python\Python313\site-packages\django\template\base.py", line 977, in render_annotated
    return self.render(context)
           ~~~~~~~~~~~^^^^^^^^^
  File "C:\Users\Aprendiz\AppData\Roaming\Python\Python313\site-packages\django\template\defaulttags.py", line 243, in render
    nodelist.append(node.render_annotated(context))
                    ~~~~~~~~~~~~~~~~~~~~~^^^^^^^^^
  File "C:\Users\Aprendiz\AppData\Roaming\Python\Python313\site-packages\django\template\base.py", line 977, in render_annotated
    return self.render(context)
           ~~~~~~~~~~~^^^^^^^^^
  File "C:\Users\Aprendiz\AppData\Roaming\Python\Python313\site-packages\django\template\loader_tags.py", line 210, in render
    return template.render(context)
           ~~~~~~~~~~~~~~~^^^^^^^^^
  File "C:\Users\Aprendiz\AppData\Roaming\Python\Python313\site-packages\django\template\base.py", line 173, in render
    return self._render(context)
           ~~~~~~~~~~~~^^^^^^^^^
  File "C:\Users\Aprendiz\AppData\Roaming\Python\Python313\site-packages\django\template\base.py", line 163, in _render
    return self.nodelist.render(context)
           ~~~~~~~~~~~~~~~~~~~~^^^^^^^^^
  File "C:\Users\Aprendiz\AppData\Roaming\Python\Python313\site-packages\django\template\base.py", line 1016, in render
    return SafeString("".join([node.render_annotated(context) for node in self]))
                               ~~~~~~~~~~~~~~~~~~~~~^^^^^^^^^
  File "C:\Users\Aprendiz\AppData\Roaming\Python\Python313\site-packages\django\template\base.py", line 977, in render_annotated
    return self.render(context)
           ~~~~~~~~~~~^^^^^^^^^
  File "C:\Users\Aprendiz\AppData\Roaming\Python\Python313\site-packages\django\template\defaulttags.py", line 243, in render
    nodelist.append(node.render_annotated(context))
                    ~~~~~~~~~~~~~~~~~~~~~^^^^^^^^^
  File "C:\Users\Aprendiz\AppData\Roaming\Python\Python313\site-packages\django\template\base.py", line 977, in render_annotated
    return self.render(context)
           ~~~~~~~~~~~^^^^^^^^^
  File "C:\Users\Aprendiz\AppData\Roaming\Python\Python313\site-packages\django\template\defaulttags.py", line 243, in render
    nodelist.append(node.render_annotated(context))
                    ~~~~~~~~~~~~~~~~~~~~~^^^^^^^^^
  File "C:\Users\Aprendiz\AppData\Roaming\Python\Python313\site-packages\django\template\base.py", line 977, in render_annotated
    return self.render(context)
           ~~~~~~~~~~~^^^^^^^^^
  File "C:\Users\Aprendiz\AppData\Roaming\Python\Python313\site-packages\django\template\defaulttags.py", line 243, in render
    nodelist.append(node.render_annotated(context))
                    ~~~~~~~~~~~~~~~~~~~~~^^^^^^^^^
  File "C:\Users\Aprendiz\AppData\Roaming\Python\Python313\site-packages\django\template\base.py", line 977, in render_annotated
    return self.render(context)
           ~~~~~~~~~~~^^^^^^^^^
  File "C:\Users\Aprendiz\AppData\Roaming\Python\Python313\site-packages\django\template\defaulttags.py", line 243, in render
    nodelist.append(node.render_annotated(context))
                    ~~~~~~~~~~~~~~~~~~~~~^^^^^^^^^
  File "C:\Users\Aprendiz\AppData\Roaming\Python\Python313\site-packages\django\template\base.py", line 977, in render_annotated
    return self.render(context)
           ~~~~~~~~~~~^^^^^^^^^
  File "C:\Users\Aprendiz\AppData\Roaming\Python\Python313\site-packages\django\template\defaulttags.py", line 327, in render
    return nodelist.render(context)
           ~~~~~~~~~~~~~~~^^^^^^^^^
  File "C:\Users\Aprendiz\AppData\Roaming\Python\Python313\site-packages\django\template\base.py", line 1016, in render
    return SafeString("".join([node.render_annotated(context) for node in self]))
                               ~~~~~~~~~~~~~~~~~~~~~^^^^^^^^^
  File "C:\Users\Aprendiz\AppData\Roaming\Python\Python313\site-packages\django\template\base.py", line 977, in render_annotated
    return self.render(context)
           ~~~~~~~~~~~^^^^^^^^^
  File "C:\Users\Aprendiz\AppData\Roaming\Python\Python313\site-packages\django\template\base.py", line 1075, in render
    output = self.filter_expression.resolve(context)
  File "C:\Users\Aprendiz\AppData\Roaming\Python\Python313\site-packages\django\template\base.py", line 722, in resolve
    obj = self.var.resolve(context)
  File "C:\Users\Aprendiz\AppData\Roaming\Python\Python313\site-packages\django\template\base.py", line 854, in resolve
    value = self._resolve_lookup(context)
  File "C:\Users\Aprendiz\AppData\Roaming\Python\Python313\site-packages\django\template\base.py", line 925, in _resolve_lookup
    current = current()
  File "C:\Users\Aprendiz\AppData\Roaming\Python\Python313\site-packages\django\contrib\admin\helpers.py", line 275, in contents
    f, attr, value = lookup_field(field, obj, model_admin)
                     ~~~~~~~~~~~~^^^^^^^^^^^^^^^^^^^^^^^^^
  File "C:\Users\Aprendiz\AppData\Roaming\Python\Python313\site-packages\django\contrib\admin\utils.py", line 299, in lookup_field
    value = attr(obj)
  File "C:\experticie1\prexcol\backend\productos\admin.py", line 78, in subtotal_display
    return f"${obj.subtotal}"
               ^^^^^^^^^^^^
  File "C:\experticie1\prexcol\backend\productos\models.py", line 198, in subtotal
    return self.cantidad * self.precio_unitario
           ~~~~~~~~~~~~~~^~~~~~~~~~~~~~~~~~~~~~
TypeError: unsupported operand type(s) for *: 'NoneType' and 'NoneType'
[24/Nov/2025 19:31:25] "GET /admin/productos/pedido/add/ HTTP/1.1" 500 617929
Not Found: /assets/js/index.js
Not Found: /assets/js/main.js
[24/Nov/2025 19:31:25] "GET /assets/js/index.js HTTP/1.1" 404 2962
[24/Nov/2025 19:31:25] "GET /assets/js/main.js HTTP/1.1" 404 2959
[24/Nov/2025 19:31:28] "GET /admin/usuarios/usuario/ HTTP/1.1" 200 24471
[24/Nov/2025 19:31:30] "GET /admin/notificaciones/tiponotificacion/add/ HTTP/1.1" 200 16720
[24/Nov/2025 19:31:30] "GET /admin/jsi18n/ HTTP/1.1" 200 3342
Not Found: /assets/js/main.js
Not Found: /assets/js/index.js
[24/Nov/2025 19:31:30] "GET /assets/js/main.js HTTP/1.1" 404 2959
[24/Nov/2025 19:31:30] "GET /assets/js/index.js HTTP/1.1" 404 2962
[24/Nov/2025 19:31:32] "GET /admin/auth/group/add/ HTTP/1.1" 200 23369
[24/Nov/2025 19:31:32] "GET /admin/jsi18n/ HTTP/1.1" 200 3342
Not Found: /assets/js/index.js
Not Found: /assets/js/main.js
[24/Nov/2025 19:31:32] "GET /assets/js/main.js HTTP/1.1" 404 2959
[24/Nov/2025 19:31:32] "GET /assets/js/index.js HTTP/1.1" 404 2962
[24/Nov/2025 19:31:38] "GET /admin/pagos/pago/2/change/ HTTP/1.1" 200 28919
[24/Nov/2025 19:31:38] "GET /admin/jsi18n/ HTTP/1.1" 200 3342
Not Found: /assets/js/main.js
Not Found: /assets/js/index.js
[24/Nov/2025 19:31:38] "GET /assets/js/main.js HTTP/1.1" 404 2959
[24/Nov/2025 19:31:38] "GET /assets/js/index.js HTTP/1.1" 404 2962
[24/Nov/2025 19:32:45] "GET /admin/ HTTP/1.1" 302 0
[24/Nov/2025 19:32:45] "GET /admin/login/?next=/admin/ HTTP/1.1" 200 4170
[24/Nov/2025 19:32:45] "GET /static/admin/css/dark_mode.css HTTP/1.1" 200 2808
[24/Nov/2025 19:32:45] "GET /static/admin/css/base.css HTTP/1.1" 200 22120
[24/Nov/2025 19:32:45] "GET /static/admin/css/login.css HTTP/1.1" 200 951
[24/Nov/2025 19:32:45] "GET /static/admin/css/nav_sidebar.css HTTP/1.1" 200 2810
[24/Nov/2025 19:32:45] "GET /static/admin/js/theme.js HTTP/1.1" 200 1653
[24/Nov/2025 19:32:45] "GET /static/admin/css/responsive.css HTTP/1.1" 200 16565
[24/Nov/2025 19:32:45] "GET /static/admin/js/nav_sidebar.js HTTP/1.1" 200 3063
Not Found: /favicon.ico
[24/Nov/2025 19:32:45] "GET /favicon.ico HTTP/1.1" 404 2941
[24/Nov/2025 19:32:56] "POST /admin/login/?next=/admin/ HTTP/1.1" 302 0
[24/Nov/2025 19:32:56] "GET /admin/ HTTP/1.1" 200 16187
[24/Nov/2025 19:32:56] "GET /static/admin/css/dashboard.css HTTP/1.1" 200 441
[24/Nov/2025 19:32:56] "GET /static/admin/img/icon-changelink.svg HTTP/1.1" 200 380
[24/Nov/2025 19:32:56] "GET /static/admin/img/icon-addlink.svg HTTP/1.1" 200 331
[24/Nov/2025 19:33:11] "GET /admin/auth/ HTTP/1.1" 200 5568
[24/Nov/2025 19:33:17] "GET /admin/ HTTP/1.1" 200 16187
[24/Nov/2025 19:35:31] "GET /admin/ HTTP/1.1" 200 16187
[24/Nov/2025 19:35:54] "GET /admin/usuarios/usuario/ HTTP/1.1" 200 24471
[24/Nov/2025 19:35:54] "GET /static/admin/css/changelists.css HTTP/1.1" 200 6878
[24/Nov/2025 19:35:54] "GET /admin/jsi18n/ HTTP/1.1" 200 3342
[24/Nov/2025 19:35:54] "GET /static/admin/js/vendor/jquery/jquery.js HTTP/1.1" 200 285314
[24/Nov/2025 19:35:54] "GET /static/admin/js/jquery.init.js HTTP/1.1" 200 347
[24/Nov/2025 19:35:54] "GET /static/admin/js/core.js HTTP/1.1" 200 6208
[24/Nov/2025 19:35:54] "GET /static/admin/js/actions.js HTTP/1.1" 200 8076
[24/Nov/2025 19:35:54] "GET /static/admin/js/admin/RelatedObjectLookups.js HTTP/1.1" 200 9777
[24/Nov/2025 19:35:54] "GET /static/admin/js/prepopulate.js HTTP/1.1" 200 1531
[24/Nov/2025 19:35:54] "GET /static/admin/js/urlify.js HTTP/1.1" 200 7887
[24/Nov/2025 19:35:54] "GET /static/admin/img/search.svg HTTP/1.1" 200 458
[24/Nov/2025 19:35:54] "GET /static/admin/img/icon-yes.svg HTTP/1.1" 200 436
[24/Nov/2025 19:35:54] "GET /static/admin/js/vendor/xregexp/xregexp.js HTTP/1.1" 200 325171
[24/Nov/2025 19:35:54] "GET /static/admin/js/filters.js HTTP/1.1" 200 978
[24/Nov/2025 19:35:54] "GET /static/admin/img/icon-no.svg HTTP/1.1" 200 560
[24/Nov/2025 19:35:54] "GET /static/admin/img/sorting-icons.svg HTTP/1.1" 200 1097
[24/Nov/2025 19:35:54] "GET /static/admin/img/tooltag-add.svg HTTP/1.1" 200 331
[24/Nov/2025 19:35:54] "GET /static/admin/img/icon-viewlink.svg HTTP/1.1" 200 581
[24/Nov/2025 19:36:10] "GET /admin/usuarios/usuario/18/change/ HTTP/1.1" 200 24179
[24/Nov/2025 19:36:10] "GET /static/admin/css/forms.css HTTP/1.1" 200 8525
[24/Nov/2025 19:36:10] "GET /static/admin/js/prepopulate_init.js HTTP/1.1" 200 586
[24/Nov/2025 19:36:10] "GET /admin/jsi18n/ HTTP/1.1" 200 3342
[24/Nov/2025 19:36:10] "GET /static/admin/css/widgets.css HTTP/1.1" 200 11973
[24/Nov/2025 19:36:10] "GET /static/admin/js/calendar.js HTTP/1.1" 200 9141
[24/Nov/2025 19:36:10] "GET /static/admin/js/admin/DateTimeShortcuts.js HTTP/1.1" 200 19319
[24/Nov/2025 19:36:10] "GET /static/admin/js/change_form.js HTTP/1.1" 200 606
[24/Nov/2025 19:36:10] "GET /static/admin/img/icon-clock.svg HTTP/1.1" 200 677
[24/Nov/2025 19:36:10] "GET /static/admin/img/icon-calendar.svg HTTP/1.1" 200 1086
[24/Nov/2025 19:36:44] "POST /admin/usuarios/usuario/18/change/ HTTP/1.1" 302 0
[24/Nov/2025 19:36:44] "GET /admin/usuarios/usuario/ HTTP/1.1" 200 24699
[24/Nov/2025 19:36:44] "GET /admin/jsi18n/ HTTP/1.1" 200 3342
Internal Server Error: /admin/usuarios/usuario/add/
Traceback (most recent call last):
  File "C:\Users\Aprendiz\AppData\Roaming\Python\Python313\site-packages\django\contrib\admin\options.py", line 840, in get_form
    return modelform_factory(self.model, **defaults)
  File "C:\Users\Aprendiz\AppData\Roaming\Python\Python313\site-packages\django\forms\models.py", line 654, in modelform_factory
    return type(form)(class_name, (form,), form_class_attrs)
           ~~~~~~~~~~^^^^^^^^^^^^^^^^^^^^^^^^^^^^^^^^^^^^^^^
  File "C:\Users\Aprendiz\AppData\Roaming\Python\Python313\site-packages\django\forms\models.py", line 334, in __new__
    raise FieldError(message)
django.core.exceptions.FieldError: Unknown field(s) (username) specified for Usuario

During handling of the above exception, another exception occurred:

Traceback (most recent call last):
  File "C:\Users\Aprendiz\AppData\Roaming\Python\Python313\site-packages\django\core\handlers\exception.py", line 55, in inner
    response = get_response(request)
  File "C:\Users\Aprendiz\AppData\Roaming\Python\Python313\site-packages\django\core\handlers\base.py", line 197, in _get_response
    response = wrapped_callback(request, *callback_args, **callback_kwargs)
  File "C:\Users\Aprendiz\AppData\Roaming\Python\Python313\site-packages\django\contrib\admin\options.py", line 719, in wrapper
    return self.admin_site.admin_view(view)(*args, **kwargs)
           ~~~~~~~~~~~~~~~~~~~~~~~~~~~~~~~~^^^^^^^^^^^^^^^^^
  File "C:\Users\Aprendiz\AppData\Roaming\Python\Python313\site-packages\django\utils\decorators.py", line 192, in _view_wrapper
    result = _process_exception(request, e)
  File "C:\Users\Aprendiz\AppData\Roaming\Python\Python313\site-packages\django\utils\decorators.py", line 190, in _view_wrapper
    response = view_func(request, *args, **kwargs)
  File "C:\Users\Aprendiz\AppData\Roaming\Python\Python313\site-packages\django\views\decorators\cache.py", line 80, in _view_wrapper
    response = view_func(request, *args, **kwargs)
  File "C:\Users\Aprendiz\AppData\Roaming\Python\Python313\site-packages\django\contrib\admin\sites.py", line 246, in inner
    return view(request, *args, **kwargs)
  File "C:\Users\Aprendiz\AppData\Roaming\Python\Python313\site-packages\django\utils\decorators.py", line 48, in _wrapper
    return bound_method(*args, **kwargs)
  File "C:\Users\Aprendiz\AppData\Roaming\Python\Python313\site-packages\django\views\decorators\debug.py", line 143, in sensitive_post_parameters_wrapper
    return view(request, *args, **kwargs)
  File "C:\Users\Aprendiz\AppData\Roaming\Python\Python313\site-packages\django\utils\decorators.py", line 48, in _wrapper
    return bound_method(*args, **kwargs)
  File "C:\Users\Aprendiz\AppData\Roaming\Python\Python313\site-packages\django\utils\decorators.py", line 192, in _view_wrapper
    result = _process_exception(request, e)
  File "C:\Users\Aprendiz\AppData\Roaming\Python\Python313\site-packages\django\utils\decorators.py", line 190, in _view_wrapper
    response = view_func(request, *args, **kwargs)
  File "C:\Users\Aprendiz\AppData\Roaming\Python\Python313\site-packages\django\contrib\auth\admin.py", line 121, in add_view
    return self._add_view(request, form_url, extra_context)
           ~~~~~~~~~~~~~~^^^^^^^^^^^^^^^^^^^^^^^^^^^^^^^^^^
  File "C:\Users\Aprendiz\AppData\Roaming\Python\Python313\site-packages\django\contrib\auth\admin.py", line 152, in _add_view
    return super().add_view(request, form_url, extra_context)
           ~~~~~~~~~~~~~~~~^^^^^^^^^^^^^^^^^^^^^^^^^^^^^^^^^^
  File "C:\Users\Aprendiz\AppData\Roaming\Python\Python313\site-packages\django\contrib\admin\options.py", line 1984, in add_view
    return self.changeform_view(request, None, form_url, extra_context)
           ~~~~~~~~~~~~~~~~~~~~^^^^^^^^^^^^^^^^^^^^^^^^^^^^^^^^^^^^^^^^
  File "C:\Users\Aprendiz\AppData\Roaming\Python\Python313\site-packages\django\utils\decorators.py", line 48, in _wrapper
    return bound_method(*args, **kwargs)
  File "C:\Users\Aprendiz\AppData\Roaming\Python\Python313\site-packages\django\utils\decorators.py", line 192, in _view_wrapper
    result = _process_exception(request, e)
  File "C:\Users\Aprendiz\AppData\Roaming\Python\Python313\site-packages\django\utils\decorators.py", line 190, in _view_wrapper
    response = view_func(request, *args, **kwargs)
  File "C:\Users\Aprendiz\AppData\Roaming\Python\Python313\site-packages\django\contrib\admin\options.py", line 1840, in changeform_view
    return self._changeform_view(request, object_id, form_url, extra_context)
           ~~~~~~~~~~~~~~~~~~~~~^^^^^^^^^^^^^^^^^^^^^^^^^^^^^^^^^^^^^^^^^^^^^
  File "C:\Users\Aprendiz\AppData\Roaming\Python\Python313\site-packages\django\contrib\admin\options.py", line 1878, in _changeform_view
    ModelForm = self.get_form(
        request, obj, change=not add, fields=flatten_fieldsets(fieldsets)
    )
  File "C:\Users\Aprendiz\AppData\Roaming\Python\Python313\site-packages\django\contrib\auth\admin.py", line 98, in get_form
    return super().get_form(request, obj, **defaults)
           ~~~~~~~~~~~~~~~~^^^^^^^^^^^^^^^^^^^^^^^^^^
  File "C:\Users\Aprendiz\AppData\Roaming\Python\Python313\site-packages\django\contrib\admin\options.py", line 842, in get_form
    raise FieldError(
    ...<2 lines>...
    )
django.core.exceptions.FieldError: Unknown field(s) (username) specified for Usuario. Check fields/fieldsets/exclude attributes of class UsuarioAdmin.
[24/Nov/2025 19:36:51] "GET /admin/usuarios/usuario/add/ HTTP/1.1" 500 187887
C:\experticie1\prexcol\backend\usuarios\admin.py changed, reloading.
Performing system checks...

System check identified no issues (0 silenced).
November 24, 2025 - 19:29:23
Django version 5.2.8, using settings 'settings'
Starting development server at http://127.0.0.1:8000/
Quit the server with CTRL-BREAK.

WARNING: This is a development server. Do not use it in a production setting. Use a production WSGI or ASGI server instead.
For more information on production servers see: https://docs.djangoproject.com/en/5.2/howto/deployment/
Watching for file changes with StatReloader
[24/Nov/2025 19:38:02] "GET /admin/usuarios/usuario/add/ HTTP/1.1" 200 21036
[24/Nov/2025 19:38:02] "GET /admin/jsi18n/ HTTP/1.1" 200 3342
[24/Nov/2025 19:38:02] "GET /static/admin/css/unusable_password_field.css HTTP/1.1" 200 663
[24/Nov/2025 19:38:03] "GET /static/admin/js/unusable_password_field.js HTTP/1.1" 200 1480
[24/Nov/2025 19:38:19] "POST /admin/usuarios/usuario/add/ HTTP/1.1" 302 0
Internal Server Error: /admin/usuarios/usuario/26/change/
Traceback (most recent call last):
  File "C:\Users\Aprendiz\AppData\Roaming\Python\Python313\site-packages\django\contrib\admin\options.py", line 840, in get_form
    return modelform_factory(self.model, **defaults)
  File "C:\Users\Aprendiz\AppData\Roaming\Python\Python313\site-packages\django\forms\models.py", line 654, in modelform_factory
    return type(form)(class_name, (form,), form_class_attrs)
           ~~~~~~~~~~^^^^^^^^^^^^^^^^^^^^^^^^^^^^^^^^^^^^^^^
  File "C:\Users\Aprendiz\AppData\Roaming\Python\Python313\site-packages\django\forms\models.py", line 334, in __new__
    raise FieldError(message)
django.core.exceptions.FieldError: Unknown field(s) (is_active) specified for Usuario

During handling of the above exception, another exception occurred:

Traceback (most recent call last):
  File "C:\Users\Aprendiz\AppData\Roaming\Python\Python313\site-packages\django\core\handlers\exception.py", line 55, in inner
    response = get_response(request)
  File "C:\Users\Aprendiz\AppData\Roaming\Python\Python313\site-packages\django\core\handlers\base.py", line 197, in _get_response
    response = wrapped_callback(request, *callback_args, **callback_kwargs)
  File "C:\Users\Aprendiz\AppData\Roaming\Python\Python313\site-packages\django\contrib\admin\options.py", line 719, in wrapper
    return self.admin_site.admin_view(view)(*args, **kwargs)
           ~~~~~~~~~~~~~~~~~~~~~~~~~~~~~~~~^^^^^^^^^^^^^^^^^
  File "C:\Users\Aprendiz\AppData\Roaming\Python\Python313\site-packages\django\utils\decorators.py", line 192, in _view_wrapper
    result = _process_exception(request, e)
  File "C:\Users\Aprendiz\AppData\Roaming\Python\Python313\site-packages\django\utils\decorators.py", line 190, in _view_wrapper
    response = view_func(request, *args, **kwargs)
  File "C:\Users\Aprendiz\AppData\Roaming\Python\Python313\site-packages\django\views\decorators\cache.py", line 80, in _view_wrapper
    response = view_func(request, *args, **kwargs)
  File "C:\Users\Aprendiz\AppData\Roaming\Python\Python313\site-packages\django\contrib\admin\sites.py", line 246, in inner
    return view(request, *args, **kwargs)
  File "C:\Users\Aprendiz\AppData\Roaming\Python\Python313\site-packages\django\contrib\admin\options.py", line 1987, in change_view
    return self.changeform_view(request, object_id, form_url, extra_context)
           ~~~~~~~~~~~~~~~~~~~~^^^^^^^^^^^^^^^^^^^^^^^^^^^^^^^^^^^^^^^^^^^^^
  File "C:\Users\Aprendiz\AppData\Roaming\Python\Python313\site-packages\django\utils\decorators.py", line 48, in _wrapper
    return bound_method(*args, **kwargs)
  File "C:\Users\Aprendiz\AppData\Roaming\Python\Python313\site-packages\django\utils\decorators.py", line 192, in _view_wrapper
    result = _process_exception(request, e)
  File "C:\Users\Aprendiz\AppData\Roaming\Python\Python313\site-packages\django\utils\decorators.py", line 190, in _view_wrapper
    response = view_func(request, *args, **kwargs)
  File "C:\Users\Aprendiz\AppData\Roaming\Python\Python313\site-packages\django\contrib\admin\options.py", line 1840, in changeform_view
    return self._changeform_view(request, object_id, form_url, extra_context)
           ~~~~~~~~~~~~~~~~~~~~~^^^^^^^^^^^^^^^^^^^^^^^^^^^^^^^^^^^^^^^^^^^^^
  File "C:\Users\Aprendiz\AppData\Roaming\Python\Python313\site-packages\django\contrib\admin\options.py", line 1878, in _changeform_view
    ModelForm = self.get_form(
        request, obj, change=not add, fields=flatten_fieldsets(fieldsets)
    )
  File "C:\Users\Aprendiz\AppData\Roaming\Python\Python313\site-packages\django\contrib\auth\admin.py", line 98, in get_form
    return super().get_form(request, obj, **defaults)
           ~~~~~~~~~~~~~~~~^^^^^^^^^^^^^^^^^^^^^^^^^^
  File "C:\Users\Aprendiz\AppData\Roaming\Python\Python313\site-packages\django\contrib\admin\options.py", line 842, in get_form
    raise FieldError(
    ...<2 lines>...
    )
django.core.exceptions.FieldError: Unknown field(s) (is_active) specified for Usuario. Check fields/fieldsets/exclude attributes of class UsuarioAdmin.
[24/Nov/2025 19:38:19] "GET /admin/usuarios/usuario/26/change/ HTTP/1.1" 500 156793
C:\experticie1\prexcol\backend\usuarios\admin.py changed, reloading.
Performing system checks...

System check identified no issues (0 silenced).
November 24, 2025 - 19:37:45
Django version 5.2.8, using settings 'settings'
Starting development server at http://127.0.0.1:8000/
Quit the server with CTRL-BREAK.

WARNING: This is a development server. Do not use it in a production setting. Use a production WSGI or ASGI server instead.
For more information on production servers see: https://docs.djangoproject.com/en/5.2/howto/deployment/
Watching for file changes with StatReloader
[24/Nov/2025 19:39:11] "GET /admin/usuarios/usuario/add/ HTTP/1.1" 200 21281
[24/Nov/2025 19:39:11] "GET /admin/jsi18n/ HTTP/1.1" 200 3342
[24/Nov/2025 19:39:44] "POST /admin/usuarios/usuario/add/ HTTP/1.1" 302 0
[24/Nov/2025 19:39:44] "GET /admin/usuarios/usuario/27/change/ HTTP/1.1" 200 33458
[24/Nov/2025 19:39:44] "GET /admin/jsi18n/ HTTP/1.1" 200 3342
[24/Nov/2025 19:39:44] "GET /static/admin/js/SelectBox.js HTTP/1.1" 200 4530
[24/Nov/2025 19:39:44] "GET /static/admin/js/SelectFilter2.js HTTP/1.1" 200 15845
[24/Nov/2025 19:39:44] "GET /static/admin/img/selector-icons.svg HTTP/1.1" 200 3291
[24/Nov/2025 19:39:54] "GET /admin/usuarios/usuario/ HTTP/1.1" 200 27195
[24/Nov/2025 19:39:54] "GET /admin/jsi18n/ HTTP/1.1" 200 3342
[24/Nov/2025 19:41:11] "GET /admin/usuarios/usuario/18/change/ HTTP/1.1" 200 33305
[24/Nov/2025 19:41:11] "GET /admin/jsi18n/ HTTP/1.1" 200 3342
[24/Nov/2025 19:41:12] "GET /admin/usuarios/usuario/18/password/ HTTP/1.1" 200 16766
[24/Nov/2025 19:41:14] "GET /static/admin/img/icon-alert.svg HTTP/1.1" 200 504
[24/Nov/2025 19:41:15] "POST /admin/usuarios/usuario/18/password/ HTTP/1.1" 302 0
[24/Nov/2025 19:41:15] "GET /admin/usuarios/usuario/18/change/ HTTP/1.1" 200 33128
[24/Nov/2025 19:41:15] "GET /admin/jsi18n/ HTTP/1.1" 200 3342
[24/Nov/2025 19:41:19] "GET /admin/usuarios/usuario/add/ HTTP/1.1" 200 20947
[24/Nov/2025 19:41:19] "GET /admin/jsi18n/ HTTP/1.1" 200 3342
[24/Nov/2025 19:41:34] "POST /admin/usuarios/usuario/add/ HTTP/1.1" 200 21470
[24/Nov/2025 19:41:34] "GET /admin/jsi18n/ HTTP/1.1" 200 3342
[24/Nov/2025 19:41:54] "POST /admin/usuarios/usuario/add/ HTTP/1.1" 302 0
[24/Nov/2025 19:41:54] "GET /admin/usuarios/usuario/28/change/ HTTP/1.1" 200 33394
[24/Nov/2025 19:41:54] "GET /admin/jsi18n/ HTTP/1.1" 200 3342
[24/Nov/2025 19:43:31] "OPTIONS /api/auth/login/ HTTP/1.1" 200 0
[24/Nov/2025 19:43:32] "OPTIONS /api/auth/login/ HTTP/1.1" 200 0
[24/Nov/2025 19:43:32] "OPTIONS /api/auth/login/ HTTP/1.1" 200 0
[24/Nov/2025 19:43:32] "OPTIONS /api/auth/login/ HTTP/1.1" 200 0
[24/Nov/2025 19:43:41] "GET /admin/usuarios/usuario/add/ HTTP/1.1" 200 20947
[24/Nov/2025 19:43:41] "GET /admin/jsi18n/ HTTP/1.1" 200 3342
[24/Nov/2025 19:43:45] "GET /admin/usuarios/usuario/add/ HTTP/1.1" 200 20947
[24/Nov/2025 19:43:45] "GET /admin/jsi18n/ HTTP/1.1" 200 3342
[24/Nov/2025 19:43:49] "GET /admin/usuarios/usuario/ HTTP/1.1" 200 27727
[24/Nov/2025 19:43:49] "GET /admin/jsi18n/ HTTP/1.1" 200 3342
[24/Nov/2025 19:43:52] "GET /admin/usuarios/usuario/18/change/ HTTP/1.1" 200 32979
[24/Nov/2025 19:43:52] "GET /admin/jsi18n/ HTTP/1.1" 200 3342
[24/Nov/2025 19:44:00] "GET /admin/usuarios/usuario/ HTTP/1.1" 200 27727
[24/Nov/2025 19:44:00] "GET /admin/jsi18n/ HTTP/1.1" 200 3342
[24/Nov/2025 19:44:45] "OPTIONS /api/auth/login/ HTTP/1.1" 200 0
[24/Nov/2025 19:44:45] "OPTIONS /api/auth/login/ HTTP/1.1" 200 0
[24/Nov/2025 19:44:46] "OPTIONS /api/auth/login/ HTTP/1.1" 200 0
[24/Nov/2025 19:44:46] "OPTIONS /api/auth/login/ HTTP/1.1" 200 0
[24/Nov/2025 19:44:46] "OPTIONS /api/auth/login/ HTTP/1.1" 200 0
[24/Nov/2025 19:44:46] "OPTIONS /api/auth/login/ HTTP/1.1" 200 0
[24/Nov/2025 19:44:48] "OPTIONS /api/auth/login/ HTTP/1.1" 200 0
[24/Nov/2025 19:44:48] "OPTIONS /api/auth/login/ HTTP/1.1" 200 0
[24/Nov/2025 19:44:48] "OPTIONS /api/auth/login/ HTTP/1.1" 200 0
[24/Nov/2025 19:44:48] "OPTIONS /api/auth/login/ HTTP/1.1" 200 0
[24/Nov/2025 19:44:49] "OPTIONS /api/auth/login/ HTTP/1.1" 200 0
[24/Nov/2025 19:44:49] "OPTIONS /api/auth/login/ HTTP/1.1" 200 0
[24/Nov/2025 19:44:49] "OPTIONS /api/auth/login/ HTTP/1.1" 200 0
[24/Nov/2025 19:44:49] "OPTIONS /api/auth/login/ HTTP/1.1" 200 0
[24/Nov/2025 19:44:49] "OPTIONS /api/auth/login/ HTTP/1.1" 200 0
[24/Nov/2025 19:44:49] "OPTIONS /api/auth/login/ HTTP/1.1" 200 0
[24/Nov/2025 19:44:50] "OPTIONS /api/auth/login/ HTTP/1.1" 200 0
[24/Nov/2025 19:44:50] "OPTIONS /api/auth/login/ HTTP/1.1" 200 0
[24/Nov/2025 19:44:50] "OPTIONS /api/auth/login/ HTTP/1.1" 200 0
[24/Nov/2025 19:45:28] "GET /admin/usuarios/usuario/25/change/ HTTP/1.1" 200 33148
[24/Nov/2025 19:45:28] "GET /admin/jsi18n/ HTTP/1.1" 200 3342
[24/Nov/2025 19:45:33] "GET /admin/usuarios/usuario/ HTTP/1.1" 200 27727
[24/Nov/2025 19:45:38] "GET /admin/usuarios/usuario/25/change/ HTTP/1.1" 200 33148
[24/Nov/2025 19:45:38] "GET /admin/jsi18n/ HTTP/1.1" 200 3342
[24/Nov/2025 19:45:57] "POST /admin/usuarios/usuario/25/change/ HTTP/1.1" 302 0
[24/Nov/2025 19:45:57] "GET /admin/usuarios/usuario/ HTTP/1.1" 200 27928
[24/Nov/2025 19:45:57] "GET /admin/jsi18n/ HTTP/1.1" 200 3342
[24/Nov/2025 19:46:01] "OPTIONS /api/auth/login/ HTTP/1.1" 200 0
[24/Nov/2025 19:46:01] "OPTIONS /api/auth/login/ HTTP/1.1" 200 0
[24/Nov/2025 19:46:01] "OPTIONS /api/auth/login/ HTTP/1.1" 200 0
[24/Nov/2025 19:46:01] "OPTIONS /api/auth/login/ HTTP/1.1" 200 0
[24/Nov/2025 19:46:02] "OPTIONS /api/auth/login/ HTTP/1.1" 200 0
[24/Nov/2025 19:46:02] "OPTIONS /api/auth/login/ HTTP/1.1" 200 0
[24/Nov/2025 19:46:02] "OPTIONS /api/auth/login/ HTTP/1.1" 200 0
[24/Nov/2025 19:46:02] "OPTIONS /api/auth/login/ HTTP/1.1" 200 0
[24/Nov/2025 19:46:02] "OPTIONS /api/auth/login/ HTTP/1.1" 200 0
[24/Nov/2025 19:46:02] "OPTIONS /api/auth/login/ HTTP/1.1" 200 0
[24/Nov/2025 19:46:02] "OPTIONS /api/auth/login/ HTTP/1.1" 200 0
[24/Nov/2025 19:46:03] "OPTIONS /api/auth/login/ HTTP/1.1" 200 0
[24/Nov/2025 19:49:30] "OPTIONS /api/auth/login/ HTTP/1.1" 200 0
[24/Nov/2025 19:49:41] "OPTIONS /api/auth/login/ HTTP/1.1" 200 0
[24/Nov/2025 19:49:55] "OPTIONS /api/auth/login/ HTTP/1.1" 200 0
Unauthorized: /api/auth/login/
[24/Nov/2025 19:51:32] "POST /api/auth/login/ HTTP/1.1" 401 35
[24/Nov/2025 19:51:35] "POST /api/auth/login/ HTTP/1.1" 200 756
[24/Nov/2025 19:51:39] "POST /api/auth/login/ HTTP/1.1" 200 762
[24/Nov/2025 19:51:42] "POST /api/auth/login/ HTTP/1.1" 200 762
[24/Nov/2025 19:51:45] "POST /api/auth/login/ HTTP/1.1" 200 763
[24/Nov/2025 19:53:55] "POST /api/auth/login/ HTTP/1.1" 200 751
[24/Nov/2025 19:54:41] "OPTIONS /api/auth/login/ HTTP/1.1" 200 0
